[23:02:21] [Server thread/INFO]: Starting minecraft server version 1.8.9
[23:02:21] [Server thread/INFO]: Loading properties
[23:02:21] [Server thread/INFO]: Default game type: SURVIVAL
[23:02:21] [Server thread/INFO]: Generating keypair
[23:02:21] [Server thread/INFO]: Starting Minecraft server on 192.168.1.57:25565
[23:02:21] [Server thread/INFO]: Using default channel type
[23:02:22] [Server thread/WARN]: **** SERVER IS RUNNING IN OFFLINE/INSECURE MODE!
[23:02:22] [Server thread/WARN]: The server will make no attempt to authenticate usernames. Beware.
[23:02:22] [Server thread/WARN]: While this makes the game possible to play without internet access, it also opens up the ability for hackers to connect with any username they choose.
[23:02:22] [Server thread/WARN]: To change this, set "online-mode" to "true" in the server.properties file.
[23:02:22] [Server thread/INFO]: Preparing level "world"
[23:02:23] [Server thread/INFO]: Preparing start region for level 0
[23:02:24] [Server thread/INFO]: Preparing spawn area: 6%
[23:02:25] [Server thread/INFO]: Preparing spawn area: 31%
[23:02:26] [Server thread/INFO]: Preparing spawn area: 73%
[23:02:27] [Server thread/INFO]: Preparing spawn area: 95%
[23:02:27] [Server thread/INFO]: Done (5,260s)! For help, type "help" or "?"
[23:03:08] [Server thread/INFO]: Alwintje[/192.168.1.57:59779] logged in with entity id 154 at (-504.8743387377731, 72.0, 619.1283948858824)
[23:03:08] [Server thread/INFO]: Alwintje joined the game
[23:03:10] [Server thread/WARN]: Can't keep up! Did the system time change, or is the server overloaded? Running 2116ms behind, skipping 42 tick(s)
[23:03:40] [Server thread/INFO]: Alwintje lost connection: TextComponent{text='Disconnected', siblings=[], style=Style{hasParent=false, color=null, bold=null, italic=null, underlined=null, obfuscated=null, clickEvent=null, hoverEvent=null, insertion=null}}
[23:03:40] [Server thread/INFO]: Alwintje left the game
[23:03:59] [Server thread/INFO]: Stopping the server
[23:03:59] [Server thread/INFO]: Stopping server
[23:03:59] [Server thread/INFO]: Saving players
[23:03:59] [Server thread/INFO]: Saving worlds
[23:03:59] [Server thread/INFO]: Saving chunks for level 'world'/Overworld
[23:03:59] [Server thread/INFO]: Saving chunks for level 'world'/Nether
[23:03:59] [Server thread/INFO]: Saving chunks for level 'world'/The End
[23:04:00] [Server Shutdown Thread/INFO]: Stopping server
